<?xml version="1.0" encoding="UTF-8"?>
<robot generator="Robot 7.0.1 (Python 3.12.2 on win32)" generated="2024-08-01T17:04:33.367584" rpa="false" schemaversion="5">
<suite id="s1" name="EU QA API" source="c:\TESTES\EU_QA_API">
<suite id="s1-s1" name="Tests" source="c:\TESTES\EU_QA_API\tests">
<suite id="s1-s1-s1" name="Testes Usuarios" source="c:\TESTES\EU_QA_API\tests\testes_usuarios.robot">
<kw name="Criar Sessão" owner="usuarios_resource" type="SETUP">
<kw name="Create Session" owner="RequestsLibrary">
<msg time="2024-08-01T17:04:33.641474" level="INFO">Creating Session using : alias=api, url=https://serverest.dev, headers={},                     cookies={}, auth=None, timeout=None, proxies=None, verify=False,                     debug=0 </msg>
<arg>alias=api</arg>
<arg>url=https://serverest.dev</arg>
<doc>Create Session: create a HTTP session to a server</doc>
<status status="PASS" start="2024-08-01T17:04:33.641474" elapsed="0.000000"/>
</kw>
<status status="PASS" start="2024-08-01T17:04:33.641374" elapsed="0.000100"/>
</kw>
<test id="s1-s1-s1-t1" name="Teste - CRUD" line="11">
<kw name="Criação de usuario" owner="usuarios_resource">
<kw name="Create Dictionary" owner="BuiltIn">
<msg time="2024-08-01T17:04:33.641474" level="INFO">${header} = {'Content-Type': 'application/json'}</msg>
<var>${header}</var>
<arg>Content-Type=application/json</arg>
<doc>Creates and returns a dictionary based on the given ``items``.</doc>
<status status="PASS" start="2024-08-01T17:04:33.641474" elapsed="0.000000"/>
</kw>
<kw name="POST On Session" owner="RequestsLibrary">
<msg time="2024-08-01T17:04:33.974950" level="INFO">POST Request : url=https://serverest.dev/usuarios 
 path_url=/usuarios 
 headers={'User-Agent': 'python-requests/2.32.3', 'Accept-Encoding': 'gzip, deflate', 'Accept': '*/*', 'Connection': 'keep-alive', 'Content-Type': 'application/json', 'Content-Length': '107'} 
 body={"nome": "Glaucio QA Senior","email": "glauciojs@q2024.com.br","password": "teste","administrador": "true"} 
 </msg>
<msg time="2024-08-01T17:04:33.974950" level="INFO">POST Response : url=https://serverest.dev/usuarios 
 status=201, reason=Created 
 headers={'access-control-allow-origin': '*', 'x-dns-prefetch-control': 'off', 'x-frame-options': 'SAMEORIGIN', 'strict-transport-security': 'max-age=15552000; includeSubDomains', 'x-download-options': 'noopen', 'x-content-type-options': 'nosniff', 'x-xss-protection': '1; mode=block', 'content-type': 'application/json; charset=utf-8', 'X-Cloud-Trace-Context': '1412d4242f95a07c825b902f27be9224', 'Date': 'Thu, 01 Aug 2024 20:04:37 GMT', 'Server': 'Google Frontend', 'Content-Length': '82'} 
 body={
    "message": "Cadastro realizado com sucesso",
    "_id": "GdCNsS1MxjtbIrsL"
} 
 </msg>
<msg time="2024-08-01T17:04:33.974950" level="INFO">C:\Users\glauc\AppData\Roaming\Python\Python312\site-packages\urllib3\connectionpool.py:1103: InsecureRequestWarning: Unverified HTTPS request is being made to host 'serverest.dev'. Adding certificate verification is strongly advised. See: https://urllib3.readthedocs.io/en/latest/advanced-usage.html#tls-warnings
  warnings.warn(</msg>
<msg time="2024-08-01T17:04:33.974950" level="INFO">${RESPONSE} = &lt;Response [201]&gt;</msg>
<var>${RESPONSE}</var>
<arg>alias=api</arg>
<arg>url=/usuarios</arg>
<arg>headers=${header}</arg>
<arg>data={"nome": "Glaucio QA Senior","email": "glauciojs@q2024.com.br","password": "teste","administrador": "true"}</arg>
<arg>expected_status=201</arg>
<doc>Sends a POST request on a previously created HTTP Session.</doc>
<status status="PASS" start="2024-08-01T17:04:33.641474" elapsed="0.333476"/>
</kw>
<kw name="Status Should Be" owner="RequestsLibrary">
<arg>201</arg>
<arg>${RESPONSE}</arg>
<doc>Fails if response status code is different than the expected.</doc>
<status status="PASS" start="2024-08-01T17:04:33.974950" elapsed="0.000000"/>
</kw>
<kw name="Should Be Equal As Strings" owner="BuiltIn">
<arg>Created</arg>
<arg>${RESPONSE.reason}</arg>
<doc>Fails if objects are unequal after converting them to strings.</doc>
<status status="PASS" start="2024-08-01T17:04:33.974950" elapsed="0.000000"/>
</kw>
<kw name="Should Be Equal As Strings" owner="BuiltIn">
<arg>Cadastro realizado com sucesso</arg>
<arg>${RESPONSE.json()['message']}</arg>
<doc>Fails if objects are unequal after converting them to strings.</doc>
<status status="PASS" start="2024-08-01T17:04:33.974950" elapsed="0.000000"/>
</kw>
<kw name="Set Variable" owner="BuiltIn">
<msg time="2024-08-01T17:04:33.979454" level="INFO">${USER_ID} = GdCNsS1MxjtbIrsL</msg>
<var>${USER_ID}</var>
<arg>${RESPONSE.json()['_id']}</arg>
<doc>Returns the given values which can then be assigned to a variables.</doc>
<status status="PASS" start="2024-08-01T17:04:33.974950" elapsed="0.004504"/>
</kw>
<kw name="Log To Console" owner="BuiltIn">
<arg>${USER_ID}</arg>
<doc>Logs the given message to the console.</doc>
<status status="PASS" start="2024-08-01T17:04:33.979454" elapsed="0.000000"/>
</kw>
<kw name="Log To Console" owner="BuiltIn">
<arg>${RESPONSE.json()['message']}</arg>
<doc>Logs the given message to the console.</doc>
<status status="PASS" start="2024-08-01T17:04:33.979454" elapsed="0.000000"/>
</kw>
<return>
<value>${USER_ID}</value>
<status status="PASS" start="2024-08-01T17:04:33.979454" elapsed="0.000000"/>
</return>
<msg time="2024-08-01T17:04:33.979454" level="INFO">${USER_ID} = GdCNsS1MxjtbIrsL</msg>
<var>${USER_ID}</var>
<status status="PASS" start="2024-08-01T17:04:33.641474" elapsed="0.337980"/>
</kw>
<kw name="Buscar usuario" owner="usuarios_resource">
<kw name="GET On Session" owner="RequestsLibrary">
<msg time="2024-08-01T17:04:34.146950" level="INFO">GET Request : url=https://serverest.dev/usuarios/GdCNsS1MxjtbIrsL 
 path_url=/usuarios/GdCNsS1MxjtbIrsL 
 headers={'User-Agent': 'python-requests/2.32.3', 'Accept-Encoding': 'gzip, deflate', 'Accept': '*/*', 'Connection': 'keep-alive'} 
 body=None 
 </msg>
<msg time="2024-08-01T17:04:34.146950" level="INFO">GET Response : url=https://serverest.dev/usuarios/GdCNsS1MxjtbIrsL 
 status=200, reason=OK 
 headers={'access-control-allow-origin': '*', 'x-dns-prefetch-control': 'off', 'x-frame-options': 'SAMEORIGIN', 'strict-transport-security': 'max-age=15552000; includeSubDomains', 'x-download-options': 'noopen', 'x-content-type-options': 'nosniff', 'x-xss-protection': '1; mode=block', 'content-type': 'application/json; charset=utf-8', 'X-Cloud-Trace-Context': 'bf698bc732b42bec610198827dd76a32', 'Date': 'Thu, 01 Aug 2024 20:04:37 GMT', 'Server': 'Google Frontend', 'Content-Length': '159'} 
 body={
    "nome": "Glaucio QA Senior",
    "email": "glauciojs@q2024.com.br",
    "password": "teste",
    "administrador": "true",
    "_id": "GdCNsS1MxjtbIrsL"
} 
 </msg>
<msg time="2024-08-01T17:04:34.146950" level="INFO">C:\Users\glauc\AppData\Roaming\Python\Python312\site-packages\urllib3\connectionpool.py:1103: InsecureRequestWarning: Unverified HTTPS request is being made to host 'serverest.dev'. Adding certificate verification is strongly advised. See: https://urllib3.readthedocs.io/en/latest/advanced-usage.html#tls-warnings
  warnings.warn(</msg>
<msg time="2024-08-01T17:04:34.149453" level="INFO">${RESPONSE} = &lt;Response [200]&gt;</msg>
<var>${RESPONSE}</var>
<arg>alias=api</arg>
<arg>url=/usuarios/${USER_ID}</arg>
<arg>expected_status=200</arg>
<doc>Sends a GET request on a previously created HTTP Session.</doc>
<status status="PASS" start="2024-08-01T17:04:33.979454" elapsed="0.169999"/>
</kw>
<kw name="Status Should Be" owner="RequestsLibrary">
<arg>200</arg>
<arg>${RESPONSE}</arg>
<doc>Fails if response status code is different than the expected.</doc>
<status status="PASS" start="2024-08-01T17:04:34.149453" elapsed="0.000000"/>
</kw>
<arg>USER_ID=${USER_ID}</arg>
<status status="PASS" start="2024-08-01T17:04:33.979454" elapsed="0.169999"/>
</kw>
<kw name="Atualizar dados usuario" owner="usuarios_resource">
<kw name="Create Dictionary" owner="BuiltIn">
<msg time="2024-08-01T17:04:34.149453" level="INFO">${header} = {'Content-Type': 'application/json'}</msg>
<var>${header}</var>
<arg>Content-Type=application/json</arg>
<doc>Creates and returns a dictionary based on the given ``items``.</doc>
<status status="PASS" start="2024-08-01T17:04:34.149453" elapsed="0.000000"/>
</kw>
<kw name="PUT On Session" owner="RequestsLibrary">
<msg time="2024-08-01T17:04:34.317617" level="INFO">PUT Request : url=https://serverest.dev/usuarios/GdCNsS1MxjtbIrsL 
 path_url=/usuarios/GdCNsS1MxjtbIrsL 
 headers={'User-Agent': 'python-requests/2.32.3', 'Accept-Encoding': 'gzip, deflate', 'Accept': '*/*', 'Connection': 'keep-alive', 'Content-Type': 'application/json', 'Content-Length': '122'} 
 body={"nome": "Glaucio QA Senior Dois","email": "glauciojsilveira@qa002024.com.br","password": "teste","administrador": "true"} 
 </msg>
<msg time="2024-08-01T17:04:34.318130" level="INFO">PUT Response : url=https://serverest.dev/usuarios/GdCNsS1MxjtbIrsL 
 status=200, reason=OK 
 headers={'access-control-allow-origin': '*', 'x-dns-prefetch-control': 'off', 'x-frame-options': 'SAMEORIGIN', 'strict-transport-security': 'max-age=15552000; includeSubDomains', 'x-download-options': 'noopen', 'x-content-type-options': 'nosniff', 'x-xss-protection': '1; mode=block', 'content-type': 'application/json; charset=utf-8', 'X-Cloud-Trace-Context': '50a0cb7dba00713fe0922ef34d833899', 'Date': 'Thu, 01 Aug 2024 20:04:38 GMT', 'Server': 'Google Frontend', 'Content-Length': '50'} 
 body={
    "message": "Registro alterado com sucesso"
} 
 </msg>
<msg time="2024-08-01T17:04:34.318130" level="INFO">C:\Users\glauc\AppData\Roaming\Python\Python312\site-packages\urllib3\connectionpool.py:1103: InsecureRequestWarning: Unverified HTTPS request is being made to host 'serverest.dev'. Adding certificate verification is strongly advised. See: https://urllib3.readthedocs.io/en/latest/advanced-usage.html#tls-warnings
  warnings.warn(</msg>
<msg time="2024-08-01T17:04:34.318130" level="INFO">${RESPONSE} = &lt;Response [200]&gt;</msg>
<var>${RESPONSE}</var>
<arg>alias=api</arg>
<arg>url=/usuarios/${USER_ID}</arg>
<arg>headers=${header}</arg>
<arg>data={"nome": "Glaucio QA Senior Dois","email": "glauciojsilveira@qa002024.com.br","password": "teste","administrador": "true"}</arg>
<arg>expected_status=200</arg>
<doc>Sends a PUT request on a previously created HTTP Session.</doc>
<status status="PASS" start="2024-08-01T17:04:34.149453" elapsed="0.168677"/>
</kw>
<kw name="Status Should Be" owner="RequestsLibrary">
<arg>200</arg>
<arg>${RESPONSE}</arg>
<doc>Fails if response status code is different than the expected.</doc>
<status status="PASS" start="2024-08-01T17:04:34.318130" elapsed="0.001565"/>
</kw>
<kw name="Should Be Equal As Strings" owner="BuiltIn">
<arg>Registro alterado com sucesso</arg>
<arg>${RESPONSE.json()['message']}</arg>
<doc>Fails if objects are unequal after converting them to strings.</doc>
<status status="PASS" start="2024-08-01T17:04:34.319695" elapsed="0.000502"/>
</kw>
<kw name="Set Variable" owner="BuiltIn">
<msg time="2024-08-01T17:04:34.320197" level="INFO">${retorno_put} = &lt;bound method Response.json of &lt;Response [200]&gt;&gt;</msg>
<var>${retorno_put}</var>
<arg>${RESPONSE.json}</arg>
<doc>Returns the given values which can then be assigned to a variables.</doc>
<status status="PASS" start="2024-08-01T17:04:34.320197" elapsed="0.000000"/>
</kw>
<kw name="Log To Console" owner="BuiltIn">
<arg>${retorno_put}</arg>
<doc>Logs the given message to the console.</doc>
<status status="PASS" start="2024-08-01T17:04:34.320197" elapsed="0.000000"/>
</kw>
<arg>USER_ID=${USER_ID}</arg>
<status status="PASS" start="2024-08-01T17:04:34.149453" elapsed="0.170744"/>
</kw>
<kw name="Buscar usuario após update" owner="usuarios_resource">
<kw name="GET On Session" owner="RequestsLibrary">
<msg time="2024-08-01T17:04:34.469445" level="INFO">GET Request : url=https://serverest.dev/usuarios/GdCNsS1MxjtbIrsL 
 path_url=/usuarios/GdCNsS1MxjtbIrsL 
 headers={'User-Agent': 'python-requests/2.32.3', 'Accept-Encoding': 'gzip, deflate', 'Accept': '*/*', 'Connection': 'keep-alive'} 
 body=None 
 </msg>
<msg time="2024-08-01T17:04:34.469445" level="INFO">GET Response : url=https://serverest.dev/usuarios/GdCNsS1MxjtbIrsL 
 status=200, reason=OK 
 headers={'access-control-allow-origin': '*', 'x-dns-prefetch-control': 'off', 'x-frame-options': 'SAMEORIGIN', 'strict-transport-security': 'max-age=15552000; includeSubDomains', 'x-download-options': 'noopen', 'x-content-type-options': 'nosniff', 'x-xss-protection': '1; mode=block', 'content-type': 'application/json; charset=utf-8', 'X-Cloud-Trace-Context': '93cab75aca1fd5d084aadc5c75d537d3', 'Date': 'Thu, 01 Aug 2024 20:04:38 GMT', 'Server': 'Google Frontend', 'Content-Length': '174'} 
 body={
    "nome": "Glaucio QA Senior Dois",
    "email": "glauciojsilveira@qa002024.com.br",
    "password": "teste",
    "administrador": "true",
    "_id": "GdCNsS1MxjtbIrsL"
} 
 </msg>
<msg time="2024-08-01T17:04:34.469445" level="INFO">C:\Users\glauc\AppData\Roaming\Python\Python312\site-packages\urllib3\connectionpool.py:1103: InsecureRequestWarning: Unverified HTTPS request is being made to host 'serverest.dev'. Adding certificate verification is strongly advised. See: https://urllib3.readthedocs.io/en/latest/advanced-usage.html#tls-warnings
  warnings.warn(</msg>
<msg time="2024-08-01T17:04:34.469445" level="INFO">${RESPONSE} = &lt;Response [200]&gt;</msg>
<var>${RESPONSE}</var>
<arg>alias=api</arg>
<arg>url=/usuarios/${USER_ID}</arg>
<arg>expected_status=200</arg>
<doc>Sends a GET request on a previously created HTTP Session.</doc>
<status status="PASS" start="2024-08-01T17:04:34.320197" elapsed="0.149248"/>
</kw>
<kw name="Status Should Be" owner="RequestsLibrary">
<arg>200</arg>
<arg>${RESPONSE}</arg>
<doc>Fails if response status code is different than the expected.</doc>
<status status="PASS" start="2024-08-01T17:04:34.469445" elapsed="0.000000"/>
</kw>
<kw name="Set Variable" owner="BuiltIn">
<msg time="2024-08-01T17:04:34.473959" level="INFO">${retorno_get} = {'nome': 'Glaucio QA Senior Dois', 'email': 'glauciojsilveira@qa002024.com.br', 'password': 'teste', 'administrador': 'true', '_id': 'GdCNsS1MxjtbIrsL'}</msg>
<var>${retorno_get}</var>
<arg>${RESPONSE.json()}</arg>
<doc>Returns the given values which can then be assigned to a variables.</doc>
<status status="PASS" start="2024-08-01T17:04:34.469445" elapsed="0.004514"/>
</kw>
<kw name="Set Variable" owner="BuiltIn">
<msg time="2024-08-01T17:04:34.474836" level="INFO">${EMAIL} = glauciojsilveira@qa002024.com.br</msg>
<var>${EMAIL}</var>
<arg>${RESPONSE.json()['email']}</arg>
<doc>Returns the given values which can then be assigned to a variables.</doc>
<status status="PASS" start="2024-08-01T17:04:34.473959" elapsed="0.000877"/>
</kw>
<kw name="Should Be Equal" owner="BuiltIn">
<arg>${EMAIL}</arg>
<arg>glauciojsilveira@qa002024.com.br</arg>
<doc>Fails if the given objects are unequal.</doc>
<status status="PASS" start="2024-08-01T17:04:34.474836" elapsed="0.000383"/>
</kw>
<kw name="Log To Console" owner="BuiltIn">
<arg>${retorno_get}</arg>
<doc>Logs the given message to the console.</doc>
<status status="PASS" start="2024-08-01T17:04:34.475219" elapsed="0.000000"/>
</kw>
<arg>USER_ID=${USER_ID}</arg>
<status status="PASS" start="2024-08-01T17:04:34.320197" elapsed="0.155022"/>
</kw>
<kw name="Deletar usuario" owner="usuarios_resource">
<kw name="DELETE On Session" owner="RequestsLibrary">
<msg time="2024-08-01T17:04:34.629623" level="INFO">DELETE Request : url=https://serverest.dev/usuarios/GdCNsS1MxjtbIrsL 
 path_url=/usuarios/GdCNsS1MxjtbIrsL 
 headers={'User-Agent': 'python-requests/2.32.3', 'Accept-Encoding': 'gzip, deflate', 'Accept': '*/*', 'Connection': 'keep-alive', 'Content-Length': '0'} 
 body=None 
 </msg>
<msg time="2024-08-01T17:04:34.629623" level="INFO">DELETE Response : url=https://serverest.dev/usuarios/GdCNsS1MxjtbIrsL 
 status=200, reason=OK 
 headers={'access-control-allow-origin': '*', 'x-dns-prefetch-control': 'off', 'x-frame-options': 'SAMEORIGIN', 'strict-transport-security': 'max-age=15552000; includeSubDomains', 'x-download-options': 'noopen', 'x-content-type-options': 'nosniff', 'x-xss-protection': '1; mode=block', 'content-type': 'application/json; charset=utf-8', 'X-Cloud-Trace-Context': '2306dadd6343be7cbbc861b6082e9f2a', 'Date': 'Thu, 01 Aug 2024 20:04:38 GMT', 'Server': 'Google Frontend', 'Content-Length': '51'} 
 body={
    "message": "Registro excluído com sucesso"
} 
 </msg>
<msg time="2024-08-01T17:04:34.629623" level="INFO">C:\Users\glauc\AppData\Roaming\Python\Python312\site-packages\urllib3\connectionpool.py:1103: InsecureRequestWarning: Unverified HTTPS request is being made to host 'serverest.dev'. Adding certificate verification is strongly advised. See: https://urllib3.readthedocs.io/en/latest/advanced-usage.html#tls-warnings
  warnings.warn(</msg>
<msg time="2024-08-01T17:04:34.639402" level="INFO">${RESPONSE} = &lt;Response [200]&gt;</msg>
<var>${RESPONSE}</var>
<arg>alias=api</arg>
<arg>url=/usuarios/${USER_ID}</arg>
<arg>expected_status=200</arg>
<doc>Sends a DELETE request on a previously created HTTP Session.</doc>
<status status="PASS" start="2024-08-01T17:04:34.475219" elapsed="0.164183"/>
</kw>
<kw name="Status Should Be" owner="RequestsLibrary">
<arg>200</arg>
<arg>${RESPONSE}</arg>
<doc>Fails if response status code is different than the expected.</doc>
<status status="PASS" start="2024-08-01T17:04:34.640416" elapsed="0.000000"/>
</kw>
<kw name="Should Be Equal As Strings" owner="BuiltIn">
<arg>Registro excluído com sucesso</arg>
<arg>${RESPONSE.json()['message']}</arg>
<doc>Fails if objects are unequal after converting them to strings.</doc>
<status status="PASS" start="2024-08-01T17:04:34.640416" elapsed="0.000000"/>
</kw>
<arg>USER_ID=${USER_ID}</arg>
<status status="PASS" start="2024-08-01T17:04:34.475219" elapsed="0.165197"/>
</kw>
<kw name="Validar que usuario não existe" owner="usuarios_resource">
<kw name="GET On Session" owner="RequestsLibrary">
<msg time="2024-08-01T17:04:34.819779" level="INFO">GET Request : url=https://serverest.dev/usuarios/GdCNsS1MxjtbIrsL 
 path_url=/usuarios/GdCNsS1MxjtbIrsL 
 headers={'User-Agent': 'python-requests/2.32.3', 'Accept-Encoding': 'gzip, deflate', 'Accept': '*/*', 'Connection': 'keep-alive'} 
 body=None 
 </msg>
<msg time="2024-08-01T17:04:34.819779" level="INFO">GET Response : url=https://serverest.dev/usuarios/GdCNsS1MxjtbIrsL 
 status=400, reason=Bad Request 
 headers={'access-control-allow-origin': '*', 'x-dns-prefetch-control': 'off', 'x-frame-options': 'SAMEORIGIN', 'strict-transport-security': 'max-age=15552000; includeSubDomains', 'x-download-options': 'noopen', 'x-content-type-options': 'nosniff', 'x-xss-protection': '1; mode=block', 'content-type': 'application/json; charset=utf-8', 'X-Cloud-Trace-Context': '439739259319bb715e73bc346c513b4a', 'Date': 'Thu, 01 Aug 2024 20:04:38 GMT', 'Server': 'Google Frontend', 'Content-Length': '45'} 
 body={
    "message": "Usuário não encontrado"
} 
 </msg>
<msg time="2024-08-01T17:04:34.819779" level="INFO">C:\Users\glauc\AppData\Roaming\Python\Python312\site-packages\urllib3\connectionpool.py:1103: InsecureRequestWarning: Unverified HTTPS request is being made to host 'serverest.dev'. Adding certificate verification is strongly advised. See: https://urllib3.readthedocs.io/en/latest/advanced-usage.html#tls-warnings
  warnings.warn(</msg>
<msg time="2024-08-01T17:04:34.819779" level="INFO">${RESPONSE} = &lt;Response [400]&gt;</msg>
<var>${RESPONSE}</var>
<arg>alias=api</arg>
<arg>url=/usuarios/${USER_ID}</arg>
<arg>expected_status=400</arg>
<doc>Sends a GET request on a previously created HTTP Session.</doc>
<status status="PASS" start="2024-08-01T17:04:34.641672" elapsed="0.178107"/>
</kw>
<kw name="Status Should Be" owner="RequestsLibrary">
<arg>400</arg>
<arg>${RESPONSE}</arg>
<doc>Fails if response status code is different than the expected.</doc>
<status status="PASS" start="2024-08-01T17:04:34.819779" elapsed="0.000000"/>
</kw>
<kw name="Should Be Equal As Strings" owner="BuiltIn">
<arg>Usuário não encontrado</arg>
<arg>${RESPONSE.json()['message']}</arg>
<doc>Fails if objects are unequal after converting them to strings.</doc>
<status status="PASS" start="2024-08-01T17:04:34.823824" elapsed="0.000000"/>
</kw>
<arg>USER_ID=${USER_ID}</arg>
<status status="PASS" start="2024-08-01T17:04:34.641405" elapsed="0.182419"/>
</kw>
<status status="PASS" start="2024-08-01T17:04:33.641474" elapsed="1.182350"/>
</test>
<kw name="Deletar Sessão" owner="usuarios_resource" type="TEARDOWN">
<kw name="Delete All Sessions" owner="RequestsLibrary">
<msg time="2024-08-01T17:04:34.825139" level="INFO">Deleting All Sessions</msg>
<doc>Removes all the session objects</doc>
<status status="PASS" start="2024-08-01T17:04:34.825139" elapsed="0.000000"/>
</kw>
<status status="PASS" start="2024-08-01T17:04:34.825139" elapsed="0.000000"/>
</kw>
<status status="PASS" start="2024-08-01T17:04:33.384673" elapsed="1.440466"/>
</suite>
<status status="PASS" start="2024-08-01T17:04:33.382514" elapsed="1.442625"/>
</suite>
<status status="PASS" start="2024-08-01T17:04:33.370089" elapsed="1.459553"/>
</suite>
<statistics>
<total>
<stat pass="1" fail="0" skip="0">All Tests</stat>
</total>
<tag>
</tag>
<suite>
<stat pass="1" fail="0" skip="0" id="s1" name="EU QA API">EU QA API</stat>
<stat pass="1" fail="0" skip="0" id="s1-s1" name="Tests">EU QA API.Tests</stat>
<stat pass="1" fail="0" skip="0" id="s1-s1-s1" name="Testes Usuarios">EU QA API.Tests.Testes Usuarios</stat>
</suite>
</statistics>
<errors>
</errors>
</robot>
